<?xml version="1.0" encoding="UTF-8"?>
<testsuite name="com.test.book.springboot.domain.Posts.PostsRepositoryTest" tests="1" skipped="0" failures="0" errors="0" timestamp="2021-05-01T15:13:09" hostname="DESKTOP-QH08AA8" time="0.457">
  <properties/>
  <testcase name="callPosts" classname="com.test.book.springboot.domain.Posts.PostsRepositoryTest" time="0.457"/>
  <system-out><![CDATA[00:13:04.803 [Test worker] DEBUG org.springframework.test.context.junit4.SpringJUnit4ClassRunner - SpringJUnit4ClassRunner constructor called with [class com.test.book.springboot.domain.Posts.PostsRepositoryTest]
00:13:04.811 [Test worker] DEBUG org.springframework.test.context.BootstrapUtils - Instantiating CacheAwareContextLoaderDelegate from class [org.springframework.test.context.cache.DefaultCacheAwareContextLoaderDelegate]
00:13:04.821 [Test worker] DEBUG org.springframework.test.context.BootstrapUtils - Instantiating BootstrapContext using constructor [public org.springframework.test.context.support.DefaultBootstrapContext(java.lang.Class,org.springframework.test.context.CacheAwareContextLoaderDelegate)]
00:13:04.838 [Test worker] DEBUG org.springframework.test.context.BootstrapUtils - Instantiating TestContextBootstrapper for test class [com.test.book.springboot.domain.Posts.PostsRepositoryTest] from class [org.springframework.boot.test.context.SpringBootTestContextBootstrapper]
00:13:04.852 [Test worker] INFO org.springframework.boot.test.context.SpringBootTestContextBootstrapper - Neither @ContextConfiguration nor @ContextHierarchy found for test class [com.test.book.springboot.domain.Posts.PostsRepositoryTest], using SpringBootContextLoader
00:13:04.855 [Test worker] DEBUG org.springframework.test.context.support.AbstractContextLoader - Did not detect default resource location for test class [com.test.book.springboot.domain.Posts.PostsRepositoryTest]: class path resource [com/test/book/springboot/domain/Posts/PostsRepositoryTest-context.xml] does not exist
00:13:04.855 [Test worker] DEBUG org.springframework.test.context.support.AbstractContextLoader - Did not detect default resource location for test class [com.test.book.springboot.domain.Posts.PostsRepositoryTest]: class path resource [com/test/book/springboot/domain/Posts/PostsRepositoryTestContext.groovy] does not exist
00:13:04.856 [Test worker] INFO org.springframework.test.context.support.AbstractContextLoader - Could not detect default resource locations for test class [com.test.book.springboot.domain.Posts.PostsRepositoryTest]: no resource found for suffixes {-context.xml, Context.groovy}.
00:13:04.856 [Test worker] INFO org.springframework.test.context.support.AnnotationConfigContextLoaderUtils - Could not detect default configuration classes for test class [com.test.book.springboot.domain.Posts.PostsRepositoryTest]: PostsRepositoryTest does not declare any static, non-private, non-final, nested classes annotated with @Configuration.
00:13:04.897 [Test worker] DEBUG org.springframework.test.context.support.ActiveProfilesUtils - Could not find an 'annotation declaring class' for annotation type [org.springframework.test.context.ActiveProfiles] and class [com.test.book.springboot.domain.Posts.PostsRepositoryTest]
00:13:04.977 [Test worker] DEBUG org.springframework.context.annotation.ClassPathScanningCandidateComponentProvider - Identified candidate component class: file [C:\serverless\intellij_workspace\test\build\classes\java\test\com\test\book\springboot\Application.class]
00:13:04.979 [Test worker] DEBUG org.springframework.context.annotation.ClassPathScanningCandidateComponentProvider - Identified candidate component class: file [C:\serverless\intellij_workspace\test\build\classes\java\main\com\test\book\springboot\Application.class]
00:13:04.981 [Test worker] INFO org.springframework.boot.test.context.SpringBootTestContextBootstrapper - Found @SpringBootConfiguration com.test.book.springboot.Application for test class com.test.book.springboot.domain.Posts.PostsRepositoryTest
00:13:05.091 [Test worker] DEBUG org.springframework.boot.test.context.SpringBootTestContextBootstrapper - @TestExecutionListeners is not present for class [com.test.book.springboot.domain.Posts.PostsRepositoryTest]: using defaults.
00:13:05.092 [Test worker] INFO org.springframework.boot.test.context.SpringBootTestContextBootstrapper - Loaded default TestExecutionListener class names from location [META-INF/spring.factories]: [org.springframework.boot.test.autoconfigure.restdocs.RestDocsTestExecutionListener, org.springframework.boot.test.autoconfigure.web.client.MockRestServiceServerResetTestExecutionListener, org.springframework.boot.test.autoconfigure.web.servlet.MockMvcPrintOnlyOnFailureTestExecutionListener, org.springframework.boot.test.autoconfigure.web.servlet.WebDriverTestExecutionListener, org.springframework.boot.test.mock.mockito.MockitoTestExecutionListener, org.springframework.boot.test.mock.mockito.ResetMocksTestExecutionListener, org.springframework.test.context.web.ServletTestExecutionListener, org.springframework.test.context.support.DirtiesContextBeforeModesTestExecutionListener, org.springframework.test.context.support.DependencyInjectionTestExecutionListener, org.springframework.test.context.support.DirtiesContextTestExecutionListener, org.springframework.test.context.transaction.TransactionalTestExecutionListener, org.springframework.test.context.jdbc.SqlScriptsTestExecutionListener]
00:13:05.113 [Test worker] INFO org.springframework.boot.test.context.SpringBootTestContextBootstrapper - Using TestExecutionListeners: [org.springframework.test.context.web.ServletTestExecutionListener@45979c25, org.springframework.test.context.support.DirtiesContextBeforeModesTestExecutionListener@71af615c, org.springframework.boot.test.mock.mockito.MockitoTestExecutionListener@6c479e13, org.springframework.boot.test.autoconfigure.SpringBootDependencyInjectionTestExecutionListener@5b958a8f, org.springframework.test.context.support.DirtiesContextTestExecutionListener@221a436c, org.springframework.test.context.transaction.TransactionalTestExecutionListener@28b573f2, org.springframework.test.context.jdbc.SqlScriptsTestExecutionListener@7852d7f1, org.springframework.boot.test.autoconfigure.restdocs.RestDocsTestExecutionListener@f64fb86, org.springframework.boot.test.autoconfigure.web.client.MockRestServiceServerResetTestExecutionListener@7f15d825, org.springframework.boot.test.autoconfigure.web.servlet.MockMvcPrintOnlyOnFailureTestExecutionListener@7c3c1ed6, org.springframework.boot.test.autoconfigure.web.servlet.WebDriverTestExecutionListener@12bfa3ff, org.springframework.boot.test.mock.mockito.ResetMocksTestExecutionListener@3a2fd2e5]
00:13:05.116 [Test worker] DEBUG org.springframework.test.annotation.ProfileValueUtils - Retrieved @ProfileValueSourceConfiguration [null] for test class [com.test.book.springboot.domain.Posts.PostsRepositoryTest]
00:13:05.117 [Test worker] DEBUG org.springframework.test.annotation.ProfileValueUtils - Retrieved ProfileValueSource type [class org.springframework.test.annotation.SystemProfileValueSource] for class [com.test.book.springboot.domain.Posts.PostsRepositoryTest]
00:13:05.120 [Test worker] DEBUG org.springframework.test.annotation.ProfileValueUtils - Retrieved @ProfileValueSourceConfiguration [null] for test class [com.test.book.springboot.domain.Posts.PostsRepositoryTest]
00:13:05.120 [Test worker] DEBUG org.springframework.test.annotation.ProfileValueUtils - Retrieved ProfileValueSource type [class org.springframework.test.annotation.SystemProfileValueSource] for class [com.test.book.springboot.domain.Posts.PostsRepositoryTest]
00:13:05.120 [Test worker] DEBUG org.springframework.test.annotation.ProfileValueUtils - Retrieved @ProfileValueSourceConfiguration [null] for test class [com.test.book.springboot.domain.Posts.PostsRepositoryTest]
00:13:05.120 [Test worker] DEBUG org.springframework.test.annotation.ProfileValueUtils - Retrieved ProfileValueSource type [class org.springframework.test.annotation.SystemProfileValueSource] for class [com.test.book.springboot.domain.Posts.PostsRepositoryTest]
00:13:05.124 [Test worker] DEBUG org.springframework.test.context.support.AbstractDirtiesContextTestExecutionListener - Before test class: context [DefaultTestContext@fe105c6 testClass = PostsRepositoryTest, testInstance = [null], testMethod = [null], testException = [null], mergedContextConfiguration = [WebMergedContextConfiguration@3aebde08 testClass = PostsRepositoryTest, locations = '{}', classes = '{class com.test.book.springboot.Application}', contextInitializerClasses = '[]', activeProfiles = '{}', propertySourceLocations = '{}', propertySourceProperties = '{org.springframework.boot.test.context.SpringBootTestContextBootstrapper=true}', contextCustomizers = set[org.springframework.boot.test.autoconfigure.properties.PropertyMappingContextCustomizer@0, org.springframework.boot.test.autoconfigure.web.servlet.WebDriverContextCustomizerFactory$Customizer@41790229, org.springframework.boot.test.context.filter.ExcludeFilterContextCustomizer@674f10ed, org.springframework.boot.test.json.DuplicateJsonObjectContextCustomizerFactory$DuplicateJsonObjectContextCustomizer@332ab9be, org.springframework.boot.test.mock.mockito.MockitoContextCustomizer@0, org.springframework.boot.test.web.client.TestRestTemplateContextCustomizer@14c894f0], resourceBasePath = 'src/main/webapp', contextLoader = 'org.springframework.boot.test.context.SpringBootContextLoader', parent = [null]], attributes = map['org.springframework.test.context.web.ServletTestExecutionListener.activateListener' -> true]], class annotated with @DirtiesContext [false] with mode [null].
00:13:05.125 [Test worker] DEBUG org.springframework.test.annotation.ProfileValueUtils - Retrieved @ProfileValueSourceConfiguration [null] for test class [com.test.book.springboot.domain.Posts.PostsRepositoryTest]
00:13:05.125 [Test worker] DEBUG org.springframework.test.annotation.ProfileValueUtils - Retrieved ProfileValueSource type [class org.springframework.test.annotation.SystemProfileValueSource] for class [com.test.book.springboot.domain.Posts.PostsRepositoryTest]
00:13:05.147 [Test worker] DEBUG org.springframework.test.context.support.TestPropertySourceUtils - Adding inlined properties to environment: {spring.jmx.enabled=false, org.springframework.boot.test.context.SpringBootTestContextBootstrapper=true, server.port=-1}

  .   ____          _            __ _ _
 /\\ / ___'_ __ _ _(_)_ __  __ _ \ \ \ \
( ( )\___ | '_ | '_| | '_ \/ _` | \ \ \ \
 \\/  ___)| |_)| | | | | || (_| |  ) ) ) )
  '  |____| .__|_| |_|_| |_\__, | / / / /
 =========|_|==============|___/=/_/_/_/
 :: Spring Boot ::        (v2.1.7.RELEASE)

2021-05-02 00:13:05.407  INFO 5148 --- [    Test worker] c.t.b.s.d.Posts.PostsRepositoryTest      : Starting PostsRepositoryTest on DESKTOP-QH08AA8 with PID 5148 (started by i in C:\serverless\intellij_workspace\test)
2021-05-02 00:13:05.408  INFO 5148 --- [    Test worker] c.t.b.s.d.Posts.PostsRepositoryTest      : No active profile set, falling back to default profiles: default
2021-05-02 00:13:06.127  INFO 5148 --- [    Test worker] .s.d.r.c.RepositoryConfigurationDelegate : Bootstrapping Spring Data repositories in DEFAULT mode.
2021-05-02 00:13:06.199  INFO 5148 --- [    Test worker] .s.d.r.c.RepositoryConfigurationDelegate : Finished Spring Data repository scanning in 62ms. Found 1 repository interfaces.
2021-05-02 00:13:06.581  INFO 5148 --- [    Test worker] trationDelegate$BeanPostProcessorChecker : Bean 'org.springframework.transaction.annotation.ProxyTransactionManagementConfiguration' of type [org.springframework.transaction.annotation.ProxyTransactionManagementConfiguration$$EnhancerBySpringCGLIB$$c6b4f4bb] is not eligible for getting processed by all BeanPostProcessors (for example: not eligible for auto-proxying)
2021-05-02 00:13:06.784  INFO 5148 --- [    Test worker] com.zaxxer.hikari.HikariDataSource       : HikariPool-1 - Starting...
2021-05-02 00:13:06.985  INFO 5148 --- [    Test worker] com.zaxxer.hikari.HikariDataSource       : HikariPool-1 - Start completed.
2021-05-02 00:13:07.074  INFO 5148 --- [    Test worker] o.hibernate.jpa.internal.util.LogHelper  : HHH000204: Processing PersistenceUnitInfo [
	name: default
	...]
2021-05-02 00:13:07.155  INFO 5148 --- [    Test worker] org.hibernate.Version                    : HHH000412: Hibernate Core {5.3.10.Final}
2021-05-02 00:13:07.157  INFO 5148 --- [    Test worker] org.hibernate.cfg.Environment            : HHH000206: hibernate.properties not found
2021-05-02 00:13:07.330  INFO 5148 --- [    Test worker] o.hibernate.annotations.common.Version   : HCANN000001: Hibernate Commons Annotations {5.0.4.Final}
2021-05-02 00:13:07.507  INFO 5148 --- [    Test worker] org.hibernate.dialect.Dialect            : HHH000400: Using dialect: org.hibernate.dialect.MySQL5InnoDBDialect
Hibernate: drop table if exists posts
Hibernate: create table posts (id bigint not null auto_increment, author varchar(255), content TEXT not null, title varchar(500) not null, primary key (id)) engine=InnoDB
2021-05-02 00:13:08.205  INFO 5148 --- [    Test worker] o.h.t.schema.internal.SchemaCreatorImpl  : HHH000476: Executing import script 'org.hibernate.tool.schema.internal.exec.ScriptSourceInputNonExistentImpl@3c48b8b1'
2021-05-02 00:13:08.209  INFO 5148 --- [    Test worker] j.LocalContainerEntityManagerFactoryBean : Initialized JPA EntityManagerFactory for persistence unit 'default'
2021-05-02 00:13:09.189  INFO 5148 --- [    Test worker] o.s.s.concurrent.ThreadPoolTaskExecutor  : Initializing ExecutorService 'applicationTaskExecutor'
2021-05-02 00:13:09.260  WARN 5148 --- [    Test worker] aWebConfiguration$JpaWebMvcConfiguration : spring.jpa.open-in-view is enabled by default. Therefore, database queries may be performed during view rendering. Explicitly configure spring.jpa.open-in-view to disable this warning
2021-05-02 00:13:09.622  INFO 5148 --- [    Test worker] c.t.b.s.d.Posts.PostsRepositoryTest      : Started PostsRepositoryTest in 4.459 seconds (JVM running for 5.564)
Hibernate: insert into posts (author, content, title) values (?, ?, ?)
2021-05-02 00:13:09.800  INFO 5148 --- [    Test worker] o.h.h.i.QueryTranslatorFactoryInitiator  : HHH000397: Using ASTQueryTranslatorFactory
Hibernate: select posts0_.id as id1_0_, posts0_.author as author2_0_, posts0_.content as content3_0_, posts0_.title as title4_0_ from posts posts0_
Hibernate: select posts0_.id as id1_0_, posts0_.author as author2_0_, posts0_.content as content3_0_, posts0_.title as title4_0_ from posts posts0_
Hibernate: delete from posts where id=?
]]></system-out>
  <system-err><![CDATA[]]></system-err>
</testsuite>
